<<<<<<< HEAD
[16:07:55] [main/INFO]: Loading Minecraft 1.20.4 with Fabric Loader 0.17.3
[16:07:55] [main/INFO]: Fabric is preparing JARs on first launch, this may take a few seconds...
[16:07:56] [main/INFO]: Loading 4 mods:
	- fabricloader 0.17.3
	   \-- mixinextras 0.5.0
	- java 17
	- minecraft 1.20.4
[16:07:56] [main/INFO]: SpongePowered MIXIN Subsystem Version=0.8.7 Source=file:/C:/Users/lubin/AppData/Roaming/.tlauncher/legacy/Minecraft/game/libraries/net/fabricmc/sponge-mixin/0.16.5+mixin.0.8.7/sponge-mixin-0.16.5+mixin.0.8.7.jar Service=Knot/Fabric Env=CLIENT
[16:08:17] [Datafixer Bootstrap/INFO]: 198 Datafixer optimizations took 463 milliseconds
[16:08:21] [Render thread/INFO]: Environment: Environment[sessionHost=https://account.ely.by/api/authlib-injector/sessionserver, servicesHost=https://account.ely.by/api/mojang/services, name=ELY]
[16:08:21] [Render thread/INFO]: Setting user: WW-DJY
[16:08:22] [Render thread/INFO]: Backend library: LWJGL version 3.3.2-snapshot
[16:08:27] [Render thread/WARN]: Failed to create window: 
net.minecraft.class_1041$class_4716: GLFW error 65542: WGL: The driver does not appear to support OpenGL
	at net.minecraft.class_1041.method_4501(class_1041.java:195) ~[client-intermediary.jar:?]
	at org.lwjgl.glfw.GLFWErrorCallbackI.callback(GLFWErrorCallbackI.java:43) ~[lwjgl-glfw-3.3.2.jar:?]
	at org.lwjgl.system.JNI.invokePPPP(Native Method) ~[lwjgl-3.3.2.jar:?]
	at org.lwjgl.glfw.GLFW.nglfwCreateWindow(GLFW.java:2058) ~[lwjgl-glfw-3.3.2.jar:?]
	at org.lwjgl.glfw.GLFW.glfwCreateWindow(GLFW.java:2229) ~[lwjgl-glfw-3.3.2.jar:?]
	at net.minecraft.class_1041.<init>(class_1041.java:93) ~[client-intermediary.jar:?]
	at net.minecraft.class_3682.method_16038(class_3682.java:21) ~[client-intermediary.jar:?]
	at net.minecraft.class_310.<init>(class_310.java:515) ~[client-intermediary.jar:?]
	at net.minecraft.client.main.Main.main(Main.java:223) ~[Fabric%201.20.4.jar:?]
	at net.fabricmc.loader.impl.game.minecraft.MinecraftGameProvider.launch(MinecraftGameProvider.java:506) ~[fabric-loader-0.17.3.jar:?]
	at net.fabricmc.loader.impl.launch.knot.Knot.launch(Knot.java:72) ~[fabric-loader-0.17.3.jar:?]
	at net.fabricmc.loader.impl.launch.knot.KnotClient.main(KnotClient.java:23) ~[fabric-loader-0.17.3.jar:?]
=======
[16:06:39] [main/INFO]: Loading tweak class name optifine.OptiFineTweaker
[16:06:39] [main/INFO]: Using primary tweak class name optifine.OptiFineTweaker
[16:06:39] [main/INFO]: Calling tweak class optifine.OptiFineTweaker
[16:06:39] [main/INFO]: [OptiFine] OptiFineTweaker: acceptOptions
[16:06:39] [main/INFO]: [OptiFine] OptiFineTweaker: injectIntoClassLoader
[16:06:39] [main/INFO]: [OptiFine] OptiFine ClassTransformer
[16:06:39] [main/INFO]: [OptiFine] OptiFine ZIP file: C:\Users\lubin\AppData\Roaming\.tlauncher\legacy\Minecraft\game\libraries\optifine\OptiFine\1.21.4_HD_U_J3\OptiFine-1.21.4_HD_U_J3.jar
[16:06:39] [main/INFO]: [OptiFine] OptiFineTweaker: getLaunchArguments
[16:06:39] [main/INFO]: [OptiFine] OptiFineTweaker: getLaunchTarget
[16:06:40] [main/INFO]: Launching wrapped minecraft {net.minecraft.client.main.Main}
[16:06:45] [Datafixer Bootstrap/INFO]: 243 Datafixer optimizations took 740 milliseconds
[16:06:47] [main/INFO]: [OptiFine] (Reflector) Method not present: net.minecraftforge.common.extensions.IForgeEntity.canUpdate
[16:06:47] [main/INFO]: [OptiFine] (Reflector) Class not present: net.minecraftforge.logging.CrashReportExtender
[16:06:48] [main/INFO]: [OptiFine] (Reflector) Method not present: awy.create
[16:06:57] [Render thread/INFO]: Environment: Environment[sessionHost=https://sessionserver.mojang.com, servicesHost=https://api.minecraftservices.com, name=PROD]
[16:06:57] [Render thread/INFO]: Setting user: WW-DJY
[16:06:58] [Render thread/INFO]: [OptiFine] (Reflector) Class not present: net.minecraftforge.client.settings.KeyConflictContext
[16:06:58] [Render thread/INFO]: [OptiFine] (Reflector) Method not present: fli.getKeyModifier
[16:06:58] [Render thread/INFO]: [OptiFine] (Reflector) Class not present: net.minecraftforge.versions.forge.ForgeVersion
[16:06:58] [Render thread/INFO]: Backend library: LWJGL version 3.3.3+5
[16:06:58] [Render thread/INFO]: [OptiFine] (Reflector) Class not present: net.minecraftforge.internal.BrandingControl
[16:06:58] [Render thread/INFO]: [OptiFine] (Reflector) Class not present: net.minecraftforge.fml.loading.ImmediateWindowHandler
[16:07:06] [Render thread/WARN]: [OptiFine] (Reflector) java.lang.ClassNotFoundException: sun.misc.SharedSecrets
[16:07:06] [Render thread/WARN]: [OptiFine] (Reflector) java.lang.ClassNotFoundException: jdk.internal.misc.SharedSecrets
[16:07:06] [Render thread/WARN]: [OptiFine] (Reflector) java.lang.ClassNotFoundException: sun.misc.VM
[16:07:06] [Render thread/WARN]: [OptiFine] (Reflector) java.lang.reflect.InaccessibleObjectException: Unable to make public static long jdk.internal.misc.VM.maxDirectMemory() accessible: module java.base does not "exports jdk.internal.misc" to unnamed module @5d21202d
[16:07:07] [Render thread/INFO]: [OptiFine] 
[16:07:07] [Render thread/INFO]: [OptiFine] OptiFine_1.21.4_HD_U_J3
[16:07:07] [Render thread/INFO]: [OptiFine] Build: 20250209-131348
[16:07:07] [Render thread/INFO]: [OptiFine] OS: Windows 10 (amd64) version 10.0
[16:07:07] [Render thread/INFO]: [OptiFine] Java: 21.0.2, Azul Systems, Inc.
[16:07:07] [Render thread/INFO]: [OptiFine] VM: OpenJDK 64-Bit Server VM (mixed mode, sharing), Azul Systems, Inc.
[16:07:07] [Render thread/INFO]: [OptiFine] LWJGL: 3.4.0 Win32 WGL Null EGL OSMesa VisualC DLL
[16:07:07] [Render thread/INFO]: [OptiFine] OpenGL: Intel(R) HD Graphics 620, version 3.2.0 - Build 31.0.101.2137, Intel
[16:07:07] [Render thread/INFO]: [OptiFine] OpenGL Version: 3.2.0
[16:07:07] [Render thread/INFO]: [OptiFine] Maximum texture size: 16384x16384
[16:07:07] [VersionCheck/INFO]: [OptiFine] Checking for new version
[16:07:07] [Render thread/INFO]: [Shaders] OpenGL Version: 3.2.0 - Build 31.0.101.2137
[16:07:07] [Render thread/INFO]: [Shaders] Vendor:  Intel
[16:07:07] [Render thread/INFO]: [Shaders] Renderer: Intel(R) HD Graphics 620
[16:07:07] [Render thread/INFO]: [Shaders] Capabilities:  2.0  2.1  3.0  3.2  - 
[16:07:07] [Render thread/INFO]: [Shaders] GL_MAX_DRAW_BUFFERS: 8
[16:07:07] [Render thread/INFO]: [Shaders] GL_MAX_COLOR_ATTACHMENTS: 8
[16:07:07] [Render thread/INFO]: [Shaders] GL_MAX_TEXTURE_IMAGE_UNITS: 32
[16:07:07] [Render thread/INFO]: [Shaders] Load shaders configuration.
[16:07:07] [Render thread/INFO]: [Shaders] Save shaders configuration.
[16:07:07] [Render thread/INFO]: [Shaders] No shaderpack loaded.
[16:07:07] [Render thread/INFO]: [OptiFine] (Reflector) Class not present: net.minecraftforge.fml.ModList
[16:07:07] [VersionCheck/INFO]: [OptiFine] java.io.FileNotFoundException: http://optifine.net/version/1.21.4/HD_U.txt
[16:07:10] [Render thread/INFO]: [OptiFine] (Reflector) Class not present: net.minecraftforge.common.MinecraftForge
[16:07:11] [Render thread/INFO]: [OptiFine] (Reflector) Class not present: net.minecraftforge.client.ForgeHooksClient
[16:07:11] [Render thread/INFO]: [OptiFine] (Reflector) Class not present: net.minecraftforge.client.model.lighting.ForgeModelBlockRenderer
[16:07:13] [Render thread/INFO]: Reloading ResourceManager: vanilla
[16:07:13] [Render thread/INFO]: [OptiFine] *** Reloading resources ***
[16:07:13] [Render thread/INFO]: [OptiFine] *** Reloading textures ***
[16:07:13] [Render thread/INFO]: [OptiFine] (Reflector) Class not present: net.minecraftforge.client.model.geometry.GeometryLoaderManager
[16:07:13] [Render thread/INFO]: [OptiFine] *** Reflector Forge ***
[16:07:13] [Render thread/INFO]: [OptiFine] (Reflector) Class not present: net.minecraftforge.client.loading.ClientModLoader
[16:07:13] [Render thread/INFO]: [OptiFine] (Reflector) Class not present: net.minecraftforge.event.level.ChunkEvent$Load
[16:07:13] [Render thread/INFO]: [OptiFine] (Reflector) Class not present: net.minecraftforge.event.level.ChunkEvent$Unload
[16:07:13] [Render thread/INFO]: [OptiFine] (Reflector) Class not present: net.minecraftforge.client.ColorResolverManager
[16:07:13] [Render thread/INFO]: [OptiFine] (Reflector) Class not present: net.minecraftforge.logging.CrashReportAnalyser
[16:07:13] [Render thread/INFO]: [OptiFine] (Reflector) Class not present: net.minecraftforge.client.EntitySpectatorShaderManager
[16:07:13] [Render thread/INFO]: [OptiFine] (Reflector) Class not present: net.minecraftforge.eventbus.api.IEventBus
[16:07:13] [Render thread/INFO]: [OptiFine] (Reflector) Method not present: gnc.getTexture
[16:07:13] [Render thread/INFO]: [OptiFine] (Reflector) Method not present: gni.data
[16:07:13] [Render thread/INFO]: [OptiFine] (Reflector) Method not present: bum.isInWaterOrSwimmable
[16:07:13] [Render thread/INFO]: [OptiFine] (Reflector) Method not present: net.minecraftforge.common.extensions.IForgeBlockState.getSoundType
[16:07:13] [Render thread/INFO]: [OptiFine] (Reflector) Method not present: net.minecraftforge.common.extensions.IForgeBlockState.getStateAtViewpoint
[16:07:13] [Render thread/INFO]: [OptiFine] (Reflector) Method not present: net.minecraftforge.common.extensions.IForgeBlockState.shouldDisplayFluidOverlay
[16:07:13] [Render thread/INFO]: [OptiFine] (Reflector) Method not present: net.minecraftforge.common.extensions.IForgeEntity.getEyeInFluidType
[16:07:13] [Render thread/INFO]: [OptiFine] (Reflector) Method not present: net.minecraftforge.common.extensions.IForgeEntity.getParts
[16:07:13] [Render thread/INFO]: [OptiFine] (Reflector) Method not present: net.minecraftforge.common.extensions.IForgeEntity.hasCustomOutlineRendering
[16:07:13] [Render thread/INFO]: [OptiFine] (Reflector) Method not present: net.minecraftforge.common.extensions.IForgeEntity.isMultipartEntity
[16:07:13] [Render thread/INFO]: [OptiFine] (Reflector) Method not present: net.minecraftforge.common.extensions.IForgeEntity.onAddedToWorld
[16:07:13] [Render thread/INFO]: [OptiFine] (Reflector) Method not present: net.minecraftforge.common.extensions.IForgeEntity.onRemovedFromWorld
[16:07:13] [Render thread/INFO]: [OptiFine] (Reflector) Method not present: net.minecraftforge.common.extensions.IForgeEntity.shouldRiderSit
[16:07:13] [Render thread/INFO]: [OptiFine] (Reflector) Class not present: net.minecraftforge.event.ForgeEventFactory
[16:07:13] [Render thread/INFO]: [OptiFine] (Reflector) Class not present: net.minecraftforge.client.event.ForgeEventFactoryClient
[16:07:13] [Render thread/INFO]: [OptiFine] (Reflector) Method not present: net.minecraftforge.client.model.ForgeFaceData.calculateNormals
[16:07:13] [Render thread/INFO]: [OptiFine] (Reflector) Class not present: net.minecraftforge.common.ForgeHooks
[16:07:13] [Render thread/INFO]: [OptiFine] (Reflector) Field not present: net.minecraftforge.common.ForgeConfig$Client.experimentalForgeLightPipelineEnabled
[16:07:13] [Render thread/INFO]: [OptiFine] (Reflector) Field not present: net.minecraftforge.common.ForgeConfigSpec.childConfig
[16:07:13] [Render thread/INFO]: [OptiFine] (Reflector) Field not present: net.minecraftforge.common.ForgeConfigSpec$ConfigValue.defaultSupplier
[16:07:13] [Render thread/INFO]: [OptiFine] (Reflector) Field not present: net.minecraftforge.common.ForgeConfigSpec$ConfigValue.spec
[16:07:13] [Render thread/INFO]: [OptiFine] (Reflector) Method not present: net.minecraftforge.common.ForgeConfigSpec$ConfigValue.get
[16:07:13] [Render thread/INFO]: [OptiFine] (Reflector) Method not present: dyt.getWorldForge
[16:07:13] [Render thread/INFO]: [OptiFine] (Reflector) Class not present: net.minecraftforge.common.extensions.IForgeItemStack
[16:07:13] [Render thread/INFO]: [OptiFine] (Reflector) Method not present: fli.setKeyConflictContext
[16:07:13] [Render thread/INFO]: [OptiFine] (Reflector) Method not present: fli.setKeyModifierAndCode
[16:07:13] [Render thread/INFO]: [OptiFine] (Reflector) Field not present: ari.forceTicks
[16:07:13] [Render thread/INFO]: [OptiFine] (Reflector) Method not present: ari.isForceTicks
[16:07:13] [Render thread/INFO]: [OptiFine] (Reflector) Method not present: net.minecraftforge.common.extensions.IForgeBlockEntity.getRenderBoundingBox
[16:07:13] [Render thread/INFO]: [OptiFine] (Reflector) Method not present: net.minecraftforge.common.extensions.IForgeBlockEntity.hasCustomOutlineRendering
[16:07:13] [Render thread/INFO]: [OptiFine] (Reflector) Class not present: net.minecraftforge.client.ItemDecoratorHandler
[16:07:13] [Render thread/INFO]: [OptiFine] (Reflector) Class not present: net.minecraftforge.client.settings.KeyModifier
[16:07:13] [Render thread/INFO]: [OptiFine] (Reflector) Class not present: net.minecraftforge.fml.ModContainer
[16:07:13] [Render thread/INFO]: [OptiFine] (Reflector) Class not present: net.minecraftforge.client.gui.ModListScreen
[16:07:13] [Render thread/INFO]: [OptiFine] (Reflector) Class not present: net.minecraftforge.fml.ModLoader
[16:07:13] [Render thread/INFO]: [OptiFine] (Reflector) Class not present: net.minecraftforge.client.gui.TitleScreenModUpdateIndicator
[16:07:13] [Render thread/INFO]: [OptiFine] (Reflector) Class not present: net.minecraftforge.event.PlayLevelSoundEvent
[16:07:13] [Render thread/INFO]: [OptiFine] (Reflector) Class not present: net.minecraftforge.client.model.pipeline.QuadBakingVertexConsumer
[16:07:13] [Render thread/INFO]: [OptiFine] (Reflector) Class not present: net.minecraftforge.client.model.QuadTransformers
[16:07:13] [Render thread/INFO]: [OptiFine] (Reflector) Class not present: net.minecraftforge.client.model.IQuadTransformer
[16:07:13] [Render thread/INFO]: [OptiFine] (Reflector) Class not present: net.minecraftforge.client.event.RenderBlockScreenEffectEvent$OverlayType
[16:07:13] [Render thread/INFO]: [OptiFine] (Reflector) Class not present: net.minecraftforge.client.event.CustomizeGuiOverlayEvent$BossEventProgress
[16:07:13] [Render thread/INFO]: [OptiFine] (Reflector) Class not present: net.minecraftforge.client.event.RenderNameTagEvent
[16:07:13] [Render thread/INFO]: [OptiFine] (Reflector) Class not present: net.minecraftforge.client.event.RenderTooltipEvent
[16:07:13] [Render thread/INFO]: [OptiFine] (Reflector) Class not present: net.minecraftforge.client.event.RenderTooltipEvent$Background
[16:07:13] [Render thread/INFO]: [OptiFine] (Reflector) Class not present: net.minecraftforge.client.event.ScreenshotEvent
[16:07:13] [Render thread/INFO]: [OptiFine] (Reflector) Class not present: net.minecraftforge.server.ServerLifecycleHooks
[16:07:13] [Render thread/INFO]: [OptiFine] (Reflector) Method not present: gkh.updateSprite
[16:07:13] [Render thread/INFO]: [OptiFine] *** Reflector Vanilla ***
[16:07:13] [Worker-Main-1/INFO]: Found unifont_all_no_pua-16.0.01.hex, loading
[16:07:14] [Worker-Main-1/INFO]: Found unifont_jp_patch-16.0.01.hex, loading
[16:07:15] [Worker-Main-2/INFO]: [OptiFine] Pre-stitch: minecraft:textures/atlas/blocks.png
[16:07:15] [Worker-Main-2/INFO]: [OptiFine] Multitexture: false
[16:07:15] [Worker-Main-2/INFO]: [OptiFine] ConnectedTextures: optifine/ctm/default/00_glass_white/glass_pane_white.properties
[16:07:15] [Worker-Main-2/INFO]: [OptiFine] ConnectedTextures: optifine/ctm/default/00_glass_white/glass_white.properties
[16:07:15] [Worker-Main-2/INFO]: [OptiFine] ConnectedTextures: optifine/ctm/default/01_glass_orange/glass_orange.properties
[16:07:15] [Worker-Main-2/INFO]: [OptiFine] ConnectedTextures: optifine/ctm/default/01_glass_orange/glass_pane_orange.properties
[16:07:15] [Worker-Main-2/INFO]: [OptiFine] ConnectedTextures: optifine/ctm/default/02_glass_magenta/glass_magenta.properties
[16:07:15] [Worker-Main-2/INFO]: [OptiFine] ConnectedTextures: optifine/ctm/default/02_glass_magenta/glass_pane_magenta.properties
[16:07:15] [Worker-Main-2/INFO]: [OptiFine] ConnectedTextures: optifine/ctm/default/03_glass_light_blue/glass_light_blue.properties
[16:07:15] [Worker-Main-1/INFO]: [OptiFine] Pre-stitch: minecraft:textures/atlas/signs.png
[16:07:15] [Worker-Main-1/INFO]: [OptiFine] Multitexture: false
[16:07:15] [Worker-Main-2/INFO]: [OptiFine] ConnectedTextures: optifine/ctm/default/03_glass_light_blue/glass_pane_light_blue.properties
[16:07:15] [Worker-Main-2/INFO]: [OptiFine] ConnectedTextures: optifine/ctm/default/04_glass_yellow/glass_pane_yellow.properties
[16:07:15] [Worker-Main-2/INFO]: [OptiFine] ConnectedTextures: optifine/ctm/default/04_glass_yellow/glass_yellow.properties
[16:07:15] [Worker-Main-2/INFO]: [OptiFine] ConnectedTextures: optifine/ctm/default/05_glass_lime/glass_lime.properties
[16:07:15] [Worker-Main-2/INFO]: [OptiFine] ConnectedTextures: optifine/ctm/default/05_glass_lime/glass_pane_lime.properties
[16:07:15] [Worker-Main-2/INFO]: [OptiFine] ConnectedTextures: optifine/ctm/default/06_glass_pink/glass_pane_pink.properties
[16:07:15] [Worker-Main-2/INFO]: [OptiFine] ConnectedTextures: optifine/ctm/default/06_glass_pink/glass_pink.properties
[16:07:15] [Worker-Main-2/INFO]: [OptiFine] ConnectedTextures: optifine/ctm/default/07_glass_gray/glass_gray.properties
[16:07:15] [Worker-Main-2/INFO]: [OptiFine] ConnectedTextures: optifine/ctm/default/07_glass_gray/glass_pane_gray.properties
[16:07:15] [Worker-Main-2/INFO]: [OptiFine] ConnectedTextures: optifine/ctm/default/08_glass_light_gray/glass_light_gray.properties
[16:07:15] [Worker-Main-2/INFO]: [OptiFine] ConnectedTextures: optifine/ctm/default/08_glass_light_gray/glass_pane_light_gray.properties
[16:07:15] [Worker-Main-2/INFO]: [OptiFine] ConnectedTextures: optifine/ctm/default/09_glass_cyan/glass_cyan.properties
[16:07:15] [Worker-Main-2/INFO]: [OptiFine] ConnectedTextures: optifine/ctm/default/09_glass_cyan/glass_pane_cyan.properties
[16:07:15] [Worker-Main-2/INFO]: [OptiFine] ConnectedTextures: optifine/ctm/default/10_glass_purple/glass_pane_purple.properties
[16:07:15] [Worker-Main-2/INFO]: [OptiFine] ConnectedTextures: optifine/ctm/default/10_glass_purple/glass_purple.properties
[16:07:15] [Worker-Main-2/INFO]: [OptiFine] ConnectedTextures: optifine/ctm/default/11_glass_blue/glass_blue.properties
[16:07:15] [Worker-Main-2/INFO]: [OptiFine] ConnectedTextures: optifine/ctm/default/11_glass_blue/glass_pane_blue.properties
[16:07:15] [Worker-Main-2/INFO]: [OptiFine] ConnectedTextures: optifine/ctm/default/12_glass_brown/glass_brown.properties
[16:07:15] [Worker-Main-2/INFO]: [OptiFine] ConnectedTextures: optifine/ctm/default/12_glass_brown/glass_pane_brown.properties
[16:07:15] [Worker-Main-2/INFO]: [OptiFine] ConnectedTextures: optifine/ctm/default/13_glass_green/glass_green.properties
[16:07:15] [Worker-Main-2/INFO]: [OptiFine] ConnectedTextures: optifine/ctm/default/13_glass_green/glass_pane_green.properties
[16:07:15] [Worker-Main-2/INFO]: [OptiFine] ConnectedTextures: optifine/ctm/default/14_glass_red/glass_pane_red.properties
[16:07:15] [Worker-Main-2/INFO]: [OptiFine] ConnectedTextures: optifine/ctm/default/14_glass_red/glass_red.properties
[16:07:15] [Worker-Main-2/INFO]: [OptiFine] ConnectedTextures: optifine/ctm/default/15_glass_black/glass_black.properties
[16:07:15] [Worker-Main-2/INFO]: [OptiFine] ConnectedTextures: optifine/ctm/default/15_glass_black/glass_pane_black.properties
[16:07:15] [Worker-Main-2/INFO]: [OptiFine] ConnectedTextures: optifine/ctm/default/20_glass/glass.properties
[16:07:15] [Worker-Main-1/INFO]: [OptiFine] Sprite size: 64
[16:07:15] [Worker-Main-1/INFO]: [OptiFine] Mipmap levels: 6
[16:07:15] [Worker-Main-2/INFO]: [OptiFine] ConnectedTextures: optifine/ctm/default/20_glass/glass_pane.properties
[16:07:15] [Worker-Main-2/INFO]: [OptiFine] ConnectedTextures: optifine/ctm/default/21_tinted_glass/tinted_glass.properties
[16:07:15] [Worker-Main-2/INFO]: [OptiFine] ConnectedTextures: optifine/ctm/default/30_bookshelf/bookshelf.properties
[16:07:15] [Worker-Main-2/INFO]: [OptiFine] ConnectedTextures: optifine/ctm/default/40_sandstone/sandstone.properties
[16:07:15] [Worker-Main-2/INFO]: [OptiFine] ConnectedTextures: optifine/ctm/default/41_red_sandstone/red_sandstone.properties
[16:07:15] [Worker-Main-2/INFO]: [OptiFine] Multipass connected textures: false
[16:07:15] [Worker-Main-1/INFO]: [OptiFine] Scaled too small texture: minecraft:missingno, 16 -> 64
[16:07:15] [Worker-Main-1/INFO]: [OptiFine] Scaled too small texture: minecraft:optifine/ctm/default/empty, 16 -> 64
[16:07:16] [Worker-Main-1/INFO]: [OptiFine] Pre-stitch: minecraft:textures/atlas/shield_patterns.png
[16:07:16] [Worker-Main-1/INFO]: [OptiFine] Multitexture: false
[16:07:16] [Worker-Main-1/INFO]: [OptiFine] Sprite size: 64
[16:07:16] [Worker-Main-1/INFO]: [OptiFine] Mipmap levels: 6
[16:07:16] [Worker-Main-1/INFO]: [OptiFine] Scaled too small texture: minecraft:missingno, 16 -> 64
[16:07:16] [Worker-Main-1/INFO]: [OptiFine] Scaled too small texture: minecraft:optifine/ctm/default/empty, 16 -> 64
[16:07:16] [Worker-Main-1/INFO]: [OptiFine] Pre-stitch: minecraft:textures/atlas/banner_patterns.png
[16:07:16] [Worker-Main-1/INFO]: [OptiFine] Multitexture: false
[16:07:16] [Worker-Main-1/INFO]: [OptiFine] Sprite size: 64
[16:07:16] [Worker-Main-1/INFO]: [OptiFine] Mipmap levels: 6
[16:07:16] [Worker-Main-1/INFO]: [OptiFine] Scaled too small texture: minecraft:missingno, 16 -> 64
[16:07:16] [Worker-Main-1/INFO]: [OptiFine] Scaled too small texture: minecraft:optifine/ctm/default/empty, 16 -> 64
[16:07:16] [Worker-Main-1/INFO]: [OptiFine] Pre-stitch: minecraft:textures/atlas/armor_trims.png
[16:07:16] [Worker-Main-1/INFO]: [OptiFine] Multitexture: false
[16:07:17] [Worker-Main-1/INFO]: [OptiFine] Mipmap levels: 4
[16:07:17] [Worker-Main-3/INFO]: [OptiFine] CustomItems: Collecting model sprites
[16:07:17] [Worker-Main-3/INFO]: [OptiFine] Pre-stitch: minecraft:textures/atlas/decorated_pot.png
[16:07:17] [Worker-Main-3/INFO]: [OptiFine] Multitexture: false
[16:07:17] [Worker-Main-2/INFO]: [OptiFine] CustomItems: Registering sprites
[16:07:17] [Worker-Main-2/INFO]: [OptiFine] BetterGrass: Parsing default configuration optifine/bettergrass.properties
[16:07:17] [Worker-Main-1/INFO]: [OptiFine] Pre-stitch: minecraft:textures/atlas/chest.png
[16:07:17] [Worker-Main-1/INFO]: [OptiFine] Multitexture: false
[16:07:17] [Worker-Main-3/INFO]: [OptiFine] Mipmap levels: 4
[16:07:17] [Worker-Main-3/INFO]: [OptiFine] Pre-stitch: minecraft:textures/atlas/shulker_boxes.png
[16:07:17] [Worker-Main-3/INFO]: [OptiFine] Multitexture: false
[16:07:17] [Worker-Main-1/INFO]: [OptiFine] Sprite size: 64
[16:07:17] [Worker-Main-1/INFO]: [OptiFine] Mipmap levels: 6
[16:07:17] [Worker-Main-1/INFO]: [OptiFine] Scaled too small texture: minecraft:missingno, 16 -> 64
[16:07:17] [Worker-Main-1/INFO]: [OptiFine] Scaled too small texture: minecraft:optifine/ctm/default/empty, 16 -> 64
[16:07:17] [Worker-Main-3/INFO]: [OptiFine] Sprite size: 64
[16:07:17] [Worker-Main-3/INFO]: [OptiFine] Mipmap levels: 6
[16:07:17] [Worker-Main-1/INFO]: [OptiFine] Pre-stitch: minecraft:textures/atlas/beds.png
[16:07:17] [Worker-Main-3/INFO]: [OptiFine] Scaled too small texture: minecraft:missingno, 16 -> 64
[16:07:17] [Worker-Main-1/INFO]: [OptiFine] Multitexture: false
[16:07:17] [Worker-Main-3/INFO]: [OptiFine] Scaled too small texture: minecraft:optifine/ctm/default/empty, 16 -> 64
[16:07:17] [Worker-Main-3/INFO]: [OptiFine] Pre-stitch: minecraft:textures/atlas/map_decorations.png
[16:07:17] [Worker-Main-3/INFO]: [OptiFine] Multitexture: false
[16:07:17] [Worker-Main-1/INFO]: [OptiFine] Sprite size: 64
[16:07:17] [Worker-Main-1/INFO]: [OptiFine] Mipmap levels: 6
[16:07:17] [Worker-Main-1/INFO]: [OptiFine] Scaled too small texture: minecraft:missingno, 16 -> 64
[16:07:17] [Worker-Main-1/INFO]: [OptiFine] Scaled too small texture: minecraft:optifine/ctm/default/empty, 16 -> 64
[16:07:17] [Worker-Main-1/INFO]: [OptiFine] Pre-stitch: minecraft:textures/atlas/paintings.png
[16:07:17] [Worker-Main-1/INFO]: [OptiFine] Multitexture: false
[16:07:17] [Worker-Main-3/INFO]: [OptiFine] Pre-stitch: minecraft:textures/atlas/particles.png
[16:07:17] [Worker-Main-3/INFO]: [OptiFine] Multitexture: false
[16:07:17] [Worker-Main-1/INFO]: [OptiFine] Pre-stitch: minecraft:textures/atlas/mob_effects.png
[16:07:17] [Worker-Main-1/INFO]: [OptiFine] Multitexture: false
[16:07:17] [Worker-Main-1/INFO]: [OptiFine] Pre-stitch: minecraft:textures/atlas/gui.png
[16:07:17] [Worker-Main-1/INFO]: [OptiFine] Multitexture: false
[16:07:17] [Worker-Main-3/INFO]: [OptiFine] Scaled non power of 2: minecraft:cherry_2, 3 -> 9
[16:07:17] [Worker-Main-3/INFO]: [OptiFine] Scaled non power of 2: minecraft:cherry_1, 3 -> 9
[16:07:17] [Worker-Main-3/INFO]: [OptiFine] Scaled non power of 2: minecraft:cherry_0, 3 -> 9
[16:07:17] [Worker-Main-3/INFO]: [OptiFine] Scaled non power of 2: minecraft:cherry_11, 3 -> 9
[16:07:17] [Worker-Main-3/INFO]: [OptiFine] Scaled non power of 2: minecraft:cherry_10, 3 -> 9
[16:07:17] [Worker-Main-3/INFO]: [OptiFine] Scaled non power of 2: minecraft:pale_oak_9, 5 -> 10
[16:07:17] [Worker-Main-3/INFO]: [OptiFine] Scaled non power of 2: minecraft:pale_oak_8, 5 -> 10
[16:07:17] [Worker-Main-3/INFO]: [OptiFine] Scaled non power of 2: minecraft:pale_oak_3, 5 -> 10
[16:07:17] [Worker-Main-3/INFO]: [OptiFine] Scaled non power of 2: minecraft:pale_oak_2, 5 -> 10
[16:07:17] [Worker-Main-3/INFO]: [OptiFine] Scaled non power of 2: minecraft:pale_oak_1, 5 -> 10
[16:07:17] [Worker-Main-3/INFO]: [OptiFine] Scaled non power of 2: minecraft:pale_oak_0, 5 -> 10
[16:07:17] [Worker-Main-3/INFO]: [OptiFine] Scaled non power of 2: minecraft:pale_oak_7, 5 -> 10
[16:07:17] [Worker-Main-3/INFO]: [OptiFine] Scaled non power of 2: minecraft:pale_oak_6, 5 -> 10
[16:07:17] [Worker-Main-3/INFO]: [OptiFine] Scaled non power of 2: minecraft:pale_oak_5, 5 -> 10
[16:07:17] [Worker-Main-3/INFO]: [OptiFine] Scaled non power of 2: minecraft:pale_oak_4, 5 -> 10
[16:07:17] [Worker-Main-3/INFO]: [OptiFine] Scaled non power of 2: minecraft:pale_oak_11, 5 -> 10
[16:07:17] [Worker-Main-3/INFO]: [OptiFine] Scaled non power of 2: minecraft:pale_oak_10, 5 -> 10
[16:07:17] [Worker-Main-3/INFO]: [OptiFine] Scaled non power of 2: minecraft:trial_omen, 5 -> 10
[16:07:17] [Worker-Main-3/INFO]: [OptiFine] Scaled non power of 2: minecraft:raid_omen, 5 -> 10
[16:07:17] [Worker-Main-3/INFO]: [OptiFine] Scaled non power of 2: minecraft:cherry_6, 3 -> 9
[16:07:17] [Worker-Main-3/INFO]: [OptiFine] Scaled non power of 2: minecraft:cherry_5, 3 -> 9
[16:07:17] [Worker-Main-3/INFO]: [OptiFine] Scaled non power of 2: minecraft:cherry_4, 3 -> 9
[16:07:17] [Worker-Main-3/INFO]: [OptiFine] Scaled non power of 2: minecraft:cherry_3, 3 -> 9
[16:07:17] [Worker-Main-3/INFO]: [OptiFine] Scaled non power of 2: minecraft:cherry_9, 3 -> 9
[16:07:17] [Worker-Main-3/INFO]: [OptiFine] Scaled non power of 2: minecraft:cherry_8, 3 -> 9
[16:07:17] [Worker-Main-3/INFO]: [OptiFine] Scaled non power of 2: minecraft:cherry_7, 3 -> 9
[16:07:17] [Worker-Main-3/INFO]: [OptiFine] Scaled non power of 2: minecraft:container/bundle/bundle_progressbar_fill, 6 -> 12
[16:07:17] [Worker-Main-3/INFO]: [OptiFine] Scaled non power of 2: minecraft:widget/scroller_background, 6 -> 12
[16:07:17] [Worker-Main-3/INFO]: [OptiFine] Scaled non power of 2: minecraft:container/bundle/bundle_progressbar_full, 6 -> 12
[16:07:17] [Worker-Main-3/INFO]: [OptiFine] Scaled non power of 2: minecraft:container/villager/scroller, 6 -> 12
[16:07:17] [Worker-Main-3/INFO]: [OptiFine] Scaled non power of 2: minecraft:widget/scroller, 6 -> 12
[16:07:17] [Worker-Main-3/INFO]: [OptiFine] Scaled non power of 2: minecraft:container/villager/scroller_disabled, 6 -> 12
[16:07:36] [Worker-Main-2/INFO]: [OptiFine] Mipmap levels: 4
[16:07:40] [Render thread/INFO]: OpenAL initialized on device OpenAL Soft on Haut-parleurs (2- High Definition Audio Device)
[16:07:40] [Render thread/INFO]: Sound engine started
[16:07:41] [Render thread/INFO]: Created: 1024x1024x4 minecraft:textures/atlas/blocks.png-atlas
[16:07:41] [Render thread/INFO]: [OptiFine] Animated sprites: 51
[16:07:41] [Render thread/INFO]: Created: 256x256x4 minecraft:textures/atlas/signs.png-atlas
[16:07:41] [Render thread/INFO]: [OptiFine] Animated sprites: 0
[16:07:41] [Render thread/INFO]: Created: 512x512x4 minecraft:textures/atlas/shield_patterns.png-atlas
[16:07:41] [Render thread/INFO]: [OptiFine] Animated sprites: 0
[16:07:41] [Render thread/INFO]: Created: 512x512x4 minecraft:textures/atlas/banner_patterns.png-atlas
[16:07:41] [Render thread/INFO]: [OptiFine] Animated sprites: 0
[16:07:41] [Render thread/INFO]: Created: 2048x1024x4 minecraft:textures/atlas/armor_trims.png-atlas
[16:07:41] [Render thread/INFO]: [OptiFine] Animated sprites: 0
[16:07:41] [Render thread/INFO]: Created: 128x64x4 minecraft:textures/atlas/decorated_pot.png-atlas
[16:07:41] [Render thread/INFO]: [OptiFine] Animated sprites: 0
[16:07:41] [Render thread/INFO]: Created: 256x256x4 minecraft:textures/atlas/chest.png-atlas
[16:07:41] [Render thread/INFO]: [OptiFine] Animated sprites: 0
[16:07:41] [Render thread/INFO]: Created: 512x256x4 minecraft:textures/atlas/shulker_boxes.png-atlas
[16:07:41] [Render thread/INFO]: [OptiFine] Animated sprites: 0
[16:07:41] [Render thread/INFO]: Created: 512x256x4 minecraft:textures/atlas/beds.png-atlas
[16:07:41] [Render thread/INFO]: [OptiFine] Animated sprites: 0
[16:07:41] [Render thread/INFO]: Created: 64x64x0 minecraft:textures/atlas/map_decorations.png-atlas
[16:07:41] [Render thread/INFO]: [OptiFine] Animated sprites: 0
[16:07:42] [Render thread/INFO]: Created: 512x256x0 minecraft:textures/atlas/particles.png-atlas
[16:07:42] [Render thread/INFO]: [OptiFine] Animated sprites: 1
[16:07:42] [Render thread/INFO]: Created: 512x256x0 minecraft:textures/atlas/paintings.png-atlas
[16:07:42] [Render thread/INFO]: [OptiFine] Animated sprites: 0
[16:07:42] [Render thread/INFO]: Created: 256x128x0 minecraft:textures/atlas/mob_effects.png-atlas
[16:07:42] [Render thread/INFO]: [OptiFine] Animated sprites: 0
[16:07:42] [Render thread/INFO]: Created: 1024x512x0 minecraft:textures/atlas/gui.png-atlas
[16:07:42] [Render thread/INFO]: [OptiFine] Animated sprites: 2
[16:07:42] [Render thread/INFO]: [OptiFine] *** Reloading custom textures ***
[16:07:44] [Render thread/INFO]: [OptiFine] Disable Forge light pipeline
[16:08:34] [Render thread/INFO]: Stopping!
>>>>>>> e6ffae4 (first commit)
